#
# A fatal error has been detected by the Java Runtime Environment:
#
#  EXCEPTION_ACCESS_VIOLATION (0xc0000005) at pc=0x00007ffbfa547a16, pid=7160, tid=4452
#
# JRE version: Java(TM) SE Runtime Environment (11.0.4+10) (build 11.0.4+10-LTS)
# Java VM: Java HotSpot(TM) 64-Bit Server VM (11.0.4+10-LTS, mixed mode, tiered, compressed oops, serial gc, windows-amd64)
# Problematic frame:
# V  [jvm.dll+0x6c7a16]
#
# No core dump will be written. Minidumps are not enabled by default on client versions of Windows
#
# If you would like to submit a bug report, please visit:
#   http://bugreport.java.com/bugreport/crash.jsp
#

---------------  S U M M A R Y ------------

Command Line: -Dcom.sun.management.jmxremote -Dcom.sun.management.jmxremote.port=51497 -Dcom.sun.management.jmxremote.authenticate=false -Dcom.sun.management.jmxremote.ssl=false -Djava.rmi.server.hostname=localhost -Dspring.jmx.enabled=true -Dspring.liveBeansView.mbeanDomain -Dspring.application.admin.enabled=true -Xverify:none -XX:TieredStopAtLevel=1 -Dfile.encoding=UTF-8 com.rodrigofelipe.cursomc.CursomcApplication --spring.output.ansi.enabled=always

Host: Intel(R) Core(TM) i7-5500U CPU @ 2.40GHz, 1 cores, 2G,  Windows 10 , 64 bit Build 18362 (10.0.18362.329)
Time: Wed Nov 20 20:11:13 2019 Hora oficial do Brasil elapsed time: 2 seconds (0d 0h 0m 2s)

---------------  T H R E A D  ---------------

Current thread (0x000002392c665800):  WatcherThread [stack: 0x000000edf1900000,0x000000edf1a00000] [id=4452]

Stack: [0x000000edf1900000,0x000000edf1a00000],  sp=0x000000edf19ff640,  free space=1021k
Native frames: (J=compiled Java code, j=interpreted, Vv=VM code, C=native code)
V  [jvm.dll+0x6c7a16]
V  [jvm.dll+0x71321d]
V  [jvm.dll+0x738bd9]
V  [jvm.dll+0x634c82]
C  [ucrtbase.dll+0x20e72]
C  [KERNEL32.DLL+0x17bd4]
C  [ntdll.dll+0x6ced1]


siginfo: EXCEPTION_ACCESS_VIOLATION (0xc0000005), reading address 0x000002390000000f


Register to memory mapping:

RIP=0x00007ffbfa547a16 jvm.dll
RAX=0x000002390000000f is an unknown value
RBX=0x0 is NULL
RCX=0x000002392c651e00 points into unknown readable memory: 58 35 75 fa fb 7f 00 00
RDX=0x0000000000000032 is an unknown value
RSP=0x000000edf19ff640 points into unknown readable memory: 00 58 66 2c 39 02 00 00
RBP=0x0000000000000002 is an unknown value
RSI=0x000002392c6507a0 points into unknown readable memory: 0f 00 00 00 39 02 00 00
RDI=0x0000000000000001 is an unknown value
R8 =0x0 is NULL
R9 =0x000002391beb0b80 is at begin+0 in a stub
StubRoutines::atomic_cmpxchg_long [0x000002391beb0b80, 0x000002391beb0b89[ (9 bytes)
R10=0x0000000000000001 is an unknown value
R11=0xfffffffffa75ee2c is an unknown value
R12=0x0 is NULL
R13=0x000002392c665800 points into unknown readable memory: 58 7c 75 fa fb 7f 00 00
R14=0x0000000000000032 is an unknown value
R15=0x000002392c5d0730 points into unknown readable memory: 00 00 00 00 00 00 00 00


Registers:
RAX=0x000002390000000f, RBX=0x0000000000000000, RCX=0x000002392c651e00, RDX=0x0000000000000032
RSP=0x000000edf19ff640, RBP=0x0000000000000002, RSI=0x000002392c6507a0, RDI=0x0000000000000001
R8 =0x0000000000000000, R9 =0x000002391beb0b80, R10=0x0000000000000001, R11=0xfffffffffa75ee2c
R12=0x0000000000000000, R13=0x000002392c665800, R14=0x0000000000000032, R15=0x000002392c5d0730
RIP=0x00007ffbfa547a16, EFLAGS=0x0000000000010246

Top of Stack: (sp=0x000000edf19ff640)
0x000000edf19ff640:   000002392c665800 000002392c665800
0x000000edf19ff650:   000010286f97285c 00007ffbfa4887c9
0x000000edf19ff660:   00007ffbfa8f3798 00007ffbfa59321d
0x000000edf19ff670:   0000023913bc8470 0000023913bc8470
0x000000edf19ff680:   0000023913bc8470 431bde82d7b634db
0x000000edf19ff690:   000002392c5d0730 000010286f97285c
0x000000edf19ff6a0:   0000023913bc8470 00007ffbfa5b8bd9
0x000000edf19ff6b0:   0000000000000001 0000000000000032
0x000000edf19ff6c0:   0000000000000032 0000000000000002
0x000000edf19ff6d0:   0000000000000000 0000000000000000
0x000000edf19ff6e0:   0000000000000000 0000000000000000
0x000000edf19ff6f0:   0000000000000000 0000000000000000
0x000000edf19ff700:   0000000000000000 0000000000000000
0x000000edf19ff710:   0000000000000000 0000000000000000
0x000000edf19ff720:   0000000000000000 000000edf19ff960
0x000000edf19ff730:   000002392c665800 00007ffbfa4b4c82 

Instructions: (pc=0x00007ffbfa547a16)
0x00007ffbfa5479f6:   cc cc cc cc cc cc cc cc cc cc 48 89 5c 24 10 56
0x00007ffbfa547a06:   48 83 ec 20 48 8b 35 47 6c 3a 00 33 db 48 8b 06
0x00007ffbfa547a16:   39 18 7e 27 48 89 7c 24 30 8b fb 48 8b 40 18 48
0x00007ffbfa547a26:   8b 0c 07 48 8b 01 ff 50 08 48 8b 06 48 8d 7f 08 


Stack slot to memory mapping:
stack at sp + 0 slots: 0x000002392c665800 points into unknown readable memory: 58 7c 75 fa fb 7f 00 00
stack at sp + 1 slots: 0x000002392c665800 points into unknown readable memory: 58 7c 75 fa fb 7f 00 00
stack at sp + 2 slots: 0x000010286f97285c is an unknown value
stack at sp + 3 slots: 0x00007ffbfa4887c9 jvm.dll
stack at sp + 4 slots: 0x00007ffbfa8f3798 jvm.dll
stack at sp + 5 slots: 0x00007ffbfa59321d jvm.dll
stack at sp + 6 slots: 0x0000023913bc8470 points into unknown readable memory: 01 00 00 00 00 00 00 00
stack at sp + 7 slots: 0x0000023913bc8470 points into unknown readable memory: 01 00 00 00 00 00 00 00


---------------  P R O C E S S  ---------------

Threads class SMR info:
_java_thread_list=0x000002392c649f00, length=12, elements={
0x0000023913bc8800, 0x00000239138cb800, 0x00000239138fa800, 0x0000023913947800,
0x000002391394a800, 0x000002391394e800, 0x0000023913974800, 0x000002392b803800,
0x000002392b87f800, 0x000002392c5d2800, 0x000002392c5f3000, 0x000002392c663800
}

Java Threads: ( => current thread )
  0x0000023913bc8800 JavaThread "main" [_thread_blocked, id=8084, stack(0x000000edf0c00000,0x000000edf0d00000)]
  0x00000239138cb800 JavaThread "Reference Handler" daemon [_thread_blocked, id=1652, stack(0x000000edf0e00000,0x000000edf0f00000)]
  0x00000239138fa800 JavaThread "Finalizer" daemon [_thread_blocked, id=8392, stack(0x000000edf0f00000,0x000000edf1000000)]
  0x0000023913947800 JavaThread "Signal Dispatcher" daemon [_thread_blocked, id=7128, stack(0x000000edf1000000,0x000000edf1100000)]
  0x000002391394a800 JavaThread "Attach Listener" daemon [_thread_blocked, id=6984, stack(0x000000edf1100000,0x000000edf1200000)]
  0x000002391394e800 JavaThread "C1 CompilerThread0" daemon [_thread_in_vm, id=216, stack(0x000000edf1200000,0x000000edf1300000)]
  0x0000023913974800 JavaThread "Sweeper thread" daemon [_thread_blocked, id=7732, stack(0x000000edf1300000,0x000000edf1400000)]
  0x000002392b803800 JavaThread "Common-Cleaner" daemon [_thread_blocked, id=7792, stack(0x000000edf1400000,0x000000edf1500000)]
  0x000002392b87f800 JavaThread "Service Thread" daemon [_thread_blocked, id=6976, stack(0x000000edf1500000,0x000000edf1600000)]
  0x000002392c5d2800 JavaThread "RMI TCP Accept-0" daemon [_thread_in_native, id=2848, stack(0x000000edf1600000,0x000000edf1700000)]
  0x000002392c5f3000 JavaThread "RMI TCP Accept-51497" daemon [_thread_in_native, id=3176, stack(0x000000edf1700000,0x000000edf1800000)]
  0x000002392c663800 JavaThread "RMI TCP Accept-0" daemon [_thread_in_native, id=7360, stack(0x000000edf1800000,0x000000edf1900000)]

Other Threads:
  0x00000239138c8800 VMThread "VM Thread" [stack: 0x000000edf0d00000,0x000000edf0e00000] [id=1724]
=>0x000002392c665800 WatcherThread [stack: 0x000000edf1900000,0x000000edf1a00000] [id=4452]

Threads with active compile tasks:
C1 CompilerThread01234   !   1       java.nio.DirectIntBufferU::get (29 bytes)

VM state:synchronizing (normal execution)

VM Mutex/Monitor currently owned by a thread:  ([mutex/lock_event])
[0x0000023913bb52f0] Threads_lock - owner thread: 0x00000239138c8800
[0x0000023913bc7420] Heap_lock - owner thread: 0x0000023913bc8800
[0x0000023913bc8470] PeriodicTask_lock - owner thread: 0x000002392c665800

Heap address: 0x00000000d1200000, size: 750 MB, Compressed Oops mode: 32-bit
Narrow klass base: 0x0000000000000000, Narrow klass shift: 3
Compressed class space size: 1073741824 Address: 0x0000000100000000

Heap:
 def new generation   total 14784K, used 14784K [0x00000000d1200000, 0x00000000d2200000, 0x00000000e0c00000)
  eden space 13184K, 100% used [0x00000000d1200000, 0x00000000d1ee0000, 0x00000000d1ee0000)
  from space 1600K, 100% used [0x00000000d2070000, 0x00000000d2200000, 0x00000000d2200000)
  to   space 1600K,   0% used [0x00000000d1ee0000, 0x00000000d1ee0000, 0x00000000d2070000)
 tenured generation   total 32768K, used 8100K [0x00000000e0c00000, 0x00000000e2c00000, 0x0000000100000000)
   the space 32768K,  24% used [0x00000000e0c00000, 0x00000000e13e90f8, 0x00000000e13e9200, 0x00000000e2c00000)
 Metaspace       used 12180K, capacity 12587K, committed 12800K, reserved 1060864K
  class space    used 1284K, capacity 1436K, committed 1536K, reserved 1048576K

Card table byte_map: [0x0000023913520000,0x00000239136a0000] _byte_map_base: 0x0000023912e97000

Polling page: 0x00000239119a0000

Metaspace:

Usage:
  Non-class:     10.89 MB capacity,    10.64 MB ( 98%) used,   225.69 KB (  2%) free+waste,    29.63 KB ( <1%) overhead. 
      Class:      1.40 MB capacity,     1.25 MB ( 89%) used,   136.43 KB ( 10%) free+waste,    14.88 KB (  1%) overhead. 
       Both:     12.29 MB capacity,    11.89 MB ( 97%) used,   362.12 KB (  3%) free+waste,    44.50 KB ( <1%) overhead. 

Virtual space:
  Non-class space:       12.00 MB reserved,      11.00 MB ( 92%) committed 
      Class space:        1.00 GB reserved,       1.50 MB ( <1%) committed 
             Both:        1.01 GB reserved,      12.50 MB (  1%) committed 

Chunk freelists:
   Non-Class:  6.13 KB
       Class:  512 bytes
        Both:  6.63 KB

CodeHeap 'non-profiled nmethods': size=239488Kb used=1744Kb max_used=1744Kb free=237743Kb
 bounds [0x000002391c4d0000, 0x000002391c740000, 0x000002392aeb0000]
CodeHeap 'non-nmethods': size=6272Kb used=1092Kb max_used=1092Kb free=5179Kb
 bounds [0x000002391beb0000, 0x000002391c120000, 0x000002391c4d0000]
 total_blobs=1645 nmethods=1233 adapters=325
 compilation: enabled
              stopped_count=0, restarted_count=0
 full_count=0

Compilation events (10 events):
Event: 2.144 Thread 0x000002391394e800 1229       1       java.lang.StringCoding::decodeUTF8 (45 bytes)
Event: 2.145 Thread 0x000002391394e800 nmethod 1229 0x000002391c682590 code [0x000002391c682760, 0x000002391c6829d0]
Event: 2.149 Thread 0x000002391394e800 1230       1       java.lang.Character::toUpperCase (6 bytes)
Event: 2.149 Thread 0x000002391394e800 nmethod 1230 0x000002391c682b90 code [0x000002391c682d60, 0x000002391c682ec0]
Event: 2.149 Thread 0x000002391394e800 1231       1       java.lang.Character::toUpperCase (9 bytes)
Event: 2.149 Thread 0x000002391394e800 nmethod 1231 0x000002391c682f90 code [0x000002391c683160, 0x000002391c6832a0]
Event: 2.151 Thread 0x000002391394e800 1232       1       java.nio.Buffer::<init> (99 bytes)
Event: 2.152 Thread 0x000002391394e800 nmethod 1232 0x000002391c683390 code [0x000002391c6835e0, 0x000002391c683b20]
Event: 2.152 Thread 0x000002391394e800 1233       1       java.nio.ByteOrder::nativeOrder (4 bytes)
Event: 2.152 Thread 0x000002391394e800 nmethod 1233 0x000002391c683e10 code [0x000002391c683fc0, 0x000002391c6840b8]

GC Heap History (2 events):
Event: 0.772 GC heap before
{Heap before GC invocations=0 (full 0):
 def new generation   total 14784K, used 13135K [0x00000000d1200000, 0x00000000d2200000, 0x00000000e0c00000)
  eden space 13184K,  99% used [0x00000000d1200000, 0x00000000d1ed3e50, 0x00000000d1ee0000)
  from space 1600K,   0% used [0x00000000d1ee0000, 0x00000000d1ee0000, 0x00000000d2070000)
  to   space 1600K,   0% used [0x00000000d2070000, 0x00000000d2070000, 0x00000000d2200000)
 tenured generation   total 32768K, used 0K [0x00000000e0c00000, 0x00000000e2c00000, 0x0000000100000000)
   the space 32768K,   0% used [0x00000000e0c00000, 0x00000000e0c00000, 0x00000000e0c00200, 0x00000000e2c00000)
 Metaspace       used 6150K, capacity 6234K, committed 6528K, reserved 1056768K
  class space    used 546K, capacity 567K, committed 640K, reserved 1048576K
}
Event: 0.783 GC heap after
{Heap after GC invocations=1 (full 0):
 def new generation   total 14784K, used 1600K [0x00000000d1200000, 0x00000000d2200000, 0x00000000e0c00000)
  eden space 13184K,   0% used [0x00000000d1200000, 0x00000000d1200000, 0x00000000d1ee0000)
  from space 1600K, 100% used [0x00000000d2070000, 0x00000000d2200000, 0x00000000d2200000)
  to   space 1600K,   0% used [0x00000000d1ee0000, 0x00000000d1ee0000, 0x00000000d2070000)
 tenured generation   total 32768K, used 8100K [0x00000000e0c00000, 0x00000000e2c00000, 0x0000000100000000)
   the space 32768K,  24% used [0x00000000e0c00000, 0x00000000e13e90f8, 0x00000000e13e9200, 0x00000000e2c00000)
 Metaspace       used 6150K, capacity 6234K, committed 6528K, reserved 1056768K
  class space    used 546K, capacity 567K, committed 640K, reserved 1048576K
}

Deoptimization events (0 events):
No events

Classes redefined (0 events):
No events

Internal exceptions (10 events):
Event: 1.388 Thread 0x0000023913bc8800 Exception <a 'java/lang/NoSuchMethodError'{0x00000000d1b2ada0}: java.lang.invoke.DirectMethodHandle$Holder.invokeSpecialIFC(Ljava/lang/Object;Ljava/lang/Object;Ljava/lang/Object;)I> (0x00000000d1b2ada0) thrown at [t:/workspace/open/src/hotspot/share/inter
Event: 1.418 Thread 0x0000023913bc8800 Exception <a 'java/lang/NoSuchMethodError'{0x00000000d1b92638}: java.lang.invoke.DirectMethodHandle$Holder.invokeStatic(Ljava/lang/Object;IIII)Ljava/lang/Object;> (0x00000000d1b92638) thrown at [t:/workspace/open/src/hotspot/share/interpreter/linkResolver
Event: 1.418 Thread 0x0000023913bc8800 Exception <a 'java/lang/NoSuchMethodError'{0x00000000d1b959e0}: java.lang.invoke.DirectMethodHandle$Holder.invokeStaticInit(Ljava/lang/Object;IIII)Ljava/lang/Object;> (0x00000000d1b959e0) thrown at [t:/workspace/open/src/hotspot/share/interpreter/linkReso
Event: 1.938 Thread 0x0000023913bc8800 Exception <a 'java/lang/NoSuchMethodError'{0x00000000d1c0ada0}: java.lang.invoke.DirectMethodHandle$Holder.invokeStatic(Ljava/lang/Object;Ljava/lang/Object;IIII)Ljava/lang/Object;> (0x00000000d1c0ada0) thrown at [t:/workspace/open/src/hotspot/share/interp
Event: 1.938 Thread 0x0000023913bc8800 Exception <a 'java/lang/NoSuchMethodError'{0x00000000d1c0e0e8}: java.lang.invoke.DirectMethodHandle$Holder.invokeStaticInit(Ljava/lang/Object;Ljava/lang/Object;IIII)Ljava/lang/Object;> (0x00000000d1c0e0e8) thrown at [t:/workspace/open/src/hotspot/share/in
Event: 1.961 Thread 0x0000023913bc8800 Exception <a 'java/lang/ClassNotFoundException'{0x00000000d1c2bef8}: javax/management/remote/rmi/RMIServerImpl_Skel> (0x00000000d1c2bef8) thrown at [t:/workspace/open/src/hotspot/share/classfile/systemDictionary.cpp, line 231]
Event: 2.013 Thread 0x0000023913bc8800 Exception <a 'java/lang/ClassNotFoundException'{0x00000000d1cf9c50}: jdk/internal/agent/resources/spi/agentProvider> (0x00000000d1cf9c50) thrown at [t:/workspace/open/src/hotspot/share/classfile/systemDictionary.cpp, line 231]
Event: 2.023 Thread 0x0000023913bc8800 Exception <a 'java/lang/NoSuchMethodError'{0x00000000d1d4faa0}: java.lang.invoke.DirectMethodHandle$Holder.invokeStatic(Ljava/lang/Object;Ljava/lang/Object;Ljava/lang/Object;Ljava/lang/Object;Ljava/lang/Object;Ljava/lang/Object;Ljava/lang/Object;Ljava/lan
Event: 2.026 Thread 0x0000023913bc8800 Exception <a 'java/lang/NoSuchMethodError'{0x00000000d1d5c510}: java.lang.invoke.DirectMethodHandle$Holder.invokeStatic(Ljava/lang/Object;Ljava/lang/Object;Ljava/lang/Object;Ljava/lang/Object;Ljava/lang/Object;Ljava/lang/Object;Ljava/lang/Object;Ljava/lan
Event: 2.029 Thread 0x0000023913bc8800 Exception <a 'java/lang/NoSuchMethodError'{0x00000000d1d75fe8}: java.lang.invoke.DelegatingMethodHandle$Holder.reinvoke_L(Ljava/lang/Object;ILjava/lang/Object;)Ljava/lang/Object;> (0x00000000d1d75fe8) thrown at [t:/workspace/open/src/hotspot/share/interpr

Events (10 events):
Event: 2.149 loading class org/slf4j/ILoggerFactory
Event: 2.149 loading class org/slf4j/ILoggerFactory done
Event: 2.150 loading class java/util/concurrent/LinkedBlockingQueue
Event: 2.150 loading class java/util/concurrent/LinkedBlockingQueue done
Event: 2.150 loading class java/util/concurrent/LinkedBlockingQueue$Node
Event: 2.150 loading class java/util/concurrent/LinkedBlockingQueue$Node done
Event: 2.150 loading class org/slf4j/helpers/NOPLoggerFactory
Event: 2.150 loading class org/slf4j/helpers/NOPLoggerFactory done
Event: 2.151 loading class org/slf4j/helpers/Util
Event: 2.151 loading class org/slf4j/helpers/Util done


Dynamic libraries:
0x00007ff711370000 - 0x00007ff7113b7000 	C:\Program Files\Java\jdk-11.0.4\bin\javaw.exe
0x00007ffc4dd40000 - 0x00007ffc4df30000 	C:\Windows\SYSTEM32\ntdll.dll
0x00007ffc4d7a0000 - 0x00007ffc4d852000 	C:\Windows\System32\KERNEL32.DLL
0x00007ffc4af80000 - 0x00007ffc4b223000 	C:\Windows\System32\KERNELBASE.dll
0x00007ffc48ec0000 - 0x00007ffc48f4f000 	C:\Windows\SYSTEM32\apphelp.dll
0x00007ffc01c30000 - 0x00007ffc020c2000 	C:\Windows\SYSTEM32\AcLayers.DLL
0x00007ffc4d9f0000 - 0x00007ffc4da8e000 	C:\Windows\System32\msvcrt.dll
0x00007ffc4c4a0000 - 0x00007ffc4c634000 	C:\Windows\System32\USER32.dll
0x00007ffc4af50000 - 0x00007ffc4af71000 	C:\Windows\System32\win32u.dll
0x00007ffc4d860000 - 0x00007ffc4d886000 	C:\Windows\System32\GDI32.dll
0x00007ffc4b380000 - 0x00007ffc4b514000 	C:\Windows\System32\gdi32full.dll
0x00007ffc4b520000 - 0x00007ffc4b5be000 	C:\Windows\System32\msvcp_win.dll
0x00007ffc4ae50000 - 0x00007ffc4af4a000 	C:\Windows\System32\ucrtbase.dll
0x00007ffc4c130000 - 0x00007ffc4c182000 	C:\Windows\System32\SHLWAPI.dll
0x00007ffc4bdf0000 - 0x00007ffc4c126000 	C:\Windows\System32\combase.dll
0x00007ffc4da90000 - 0x00007ffc4dbb0000 	C:\Windows\System32\RPCRT4.dll
0x00007ffc4add0000 - 0x00007ffc4ae50000 	C:\Windows\System32\bcryptPrimitives.dll
0x00007ffc4d340000 - 0x00007ffc4d3e3000 	C:\Windows\System32\ADVAPI32.dll
0x00007ffc4dbb0000 - 0x00007ffc4dc47000 	C:\Windows\System32\sechost.dll
0x0000023911940000 - 0x0000023911943000 	C:\Windows\SYSTEM32\sfc.dll
0x00007ffc35810000 - 0x00007ffc35899000 	C:\Windows\SYSTEM32\WINSPOOL.DRV
0x00007ffc4ac20000 - 0x00007ffc4ac31000 	C:\Windows\System32\kernel.appcore.dll
0x00007ffc4acd0000 - 0x00007ffc4acf6000 	C:\Windows\System32\bcrypt.dll
0x00007ffc48a90000 - 0x00007ffc48b7f000 	C:\Windows\SYSTEM32\PROPSYS.dll
0x00007ffc4c190000 - 0x00007ffc4c254000 	C:\Windows\System32\OLEAUT32.dll
0x00007ffc4d6f0000 - 0x00007ffc4d799000 	C:\Windows\System32\shcore.dll
0x00007ffc4a130000 - 0x00007ffc4a16a000 	C:\Windows\SYSTEM32\IPHLPAPI.DLL
0x00007ffc356a0000 - 0x00007ffc356b1000 	C:\Windows\SYSTEM32\sfc_os.DLL
0x00007ffc4dc50000 - 0x00007ffc4dc7e000 	C:\Windows\System32\IMM32.DLL
0x00007ffc376e0000 - 0x00007ffc37965000 	C:\Windows\WinSxS\amd64_microsoft.windows.common-controls_6595b64144ccf1df_6.0.18362.476_none_e6c4b11b130f2595\COMCTL32.dll
0x00007ffc44400000 - 0x00007ffc4440a000 	C:\Windows\SYSTEM32\VERSION.dll
0x00007ffc36920000 - 0x00007ffc36936000 	C:\Program Files\Java\jdk-11.0.4\bin\vcruntime140.dll
0x00007ffc36870000 - 0x00007ffc3691a000 	C:\Program Files\Java\jdk-11.0.4\bin\msvcp140.dll
0x00007ffbf9e80000 - 0x00007ffbfa9a7000 	C:\Program Files\Java\jdk-11.0.4\bin\server\jvm.dll
0x00007ffc4dc80000 - 0x00007ffc4dc88000 	C:\Windows\System32\PSAPI.DLL
0x00007ffc430f0000 - 0x00007ffc430f9000 	C:\Windows\SYSTEM32\WSOCK32.dll
0x00007ffc4dc90000 - 0x00007ffc4dcff000 	C:\Windows\System32\WS2_32.dll
0x00007ffc48d90000 - 0x00007ffc48db4000 	C:\Windows\SYSTEM32\WINMM.dll
0x00007ffc48d60000 - 0x00007ffc48d8d000 	C:\Windows\SYSTEM32\WINMMBASE.dll
0x00007ffc4bda0000 - 0x00007ffc4bdea000 	C:\Windows\System32\cfgmgr32.dll
0x00007ffc36850000 - 0x00007ffc36861000 	C:\Program Files\Java\jdk-11.0.4\bin\verify.dll
0x00007ffc3ecc0000 - 0x00007ffc3eeb4000 	C:\Windows\SYSTEM32\DBGHELP.DLL
0x00007ffc3eb80000 - 0x00007ffc3ebaa000 	C:\Windows\SYSTEM32\dbgcore.DLL
0x00007ffc36820000 - 0x00007ffc36849000 	C:\Program Files\Java\jdk-11.0.4\bin\java.dll
0x00007ffc36800000 - 0x00007ffc36816000 	C:\Program Files\Java\jdk-11.0.4\bin\zip.dll
0x00007ffc36740000 - 0x00007ffc3674a000 	C:\Program Files\Java\jdk-11.0.4\bin\jimage.dll
0x00007ffc4c640000 - 0x00007ffc4cd25000 	C:\Windows\System32\SHELL32.dll
0x00007ffc4b5c0000 - 0x00007ffc4bd3e000 	C:\Windows\System32\windows.storage.dll
0x00007ffc4acb0000 - 0x00007ffc4accf000 	C:\Windows\System32\profapi.dll
0x00007ffc4ac40000 - 0x00007ffc4ac8a000 	C:\Windows\System32\powrprof.dll
0x00007ffc4ac10000 - 0x00007ffc4ac20000 	C:\Windows\System32\UMPDC.dll
0x00007ffc4ad00000 - 0x00007ffc4ad17000 	C:\Windows\System32\cryptsp.dll
0x00007ffc31e80000 - 0x00007ffc31e99000 	C:\Program Files\Java\jdk-11.0.4\bin\net.dll
0x00007ffc45a50000 - 0x00007ffc45b40000 	C:\Windows\SYSTEM32\WINHTTP.dll
0x00007ffc411f0000 - 0x00007ffc413c6000 	C:\Windows\SYSTEM32\urlmon.dll
0x00007ffc414f0000 - 0x00007ffc41796000 	C:\Windows\SYSTEM32\iertutil.dll
0x00007ffc4a650000 - 0x00007ffc4a65c000 	C:\Windows\SYSTEM32\CRYPTBASE.DLL
0x00007ffc4a420000 - 0x00007ffc4a487000 	C:\Windows\system32\mswsock.dll
0x00007ffc2f540000 - 0x00007ffc2f553000 	C:\Program Files\Java\jdk-11.0.4\bin\nio.dll
0x00007ffc36730000 - 0x00007ffc36739000 	C:\Program Files\Java\jdk-11.0.4\bin\management.dll
0x00007ffc329d0000 - 0x00007ffc329dc000 	C:\Program Files\Java\jdk-11.0.4\bin\management_ext.dll
0x00007ffc3e1f0000 - 0x00007ffc3e206000 	C:\Windows\system32\napinsp.dll
0x00007ffc3e1d0000 - 0x00007ffc3e1ea000 	C:\Windows\system32\pnrpnsp.dll
0x00007ffc4a180000 - 0x00007ffc4a24a000 	C:\Windows\SYSTEM32\DNSAPI.dll
0x00007ffc4c470000 - 0x00007ffc4c478000 	C:\Windows\System32\NSI.dll
0x00007ffc3e1c0000 - 0x00007ffc3e1ce000 	C:\Windows\System32\winrnr.dll
0x00007ffc47450000 - 0x00007ffc4746c000 	C:\Windows\system32\NLAapi.dll
0x00007ffc3e1a0000 - 0x00007ffc3e1b5000 	C:\Windows\system32\wshbth.dll
0x00007ffc44530000 - 0x00007ffc4453a000 	C:\Windows\System32\rasadhlp.dll
0x00007ffc445e0000 - 0x00007ffc44657000 	C:\Windows\System32\fwpuclnt.dll
0x00007ffc49f90000 - 0x00007ffc49fc3000 	C:\Windows\system32\rsaenh.dll
0x00007ffc4ab00000 - 0x00007ffc4ab25000 	C:\Windows\SYSTEM32\USERENV.dll
0x00007ffc448d0000 - 0x00007ffc448e6000 	C:\Windows\SYSTEM32\dhcpcsvc6.DLL
0x00007ffc448b0000 - 0x00007ffc448cc000 	C:\Windows\SYSTEM32\dhcpcsvc.DLL

dbghelp: loaded successfully - version: 4.0.5 - missing functions: none
symbol engine: initialized successfully - sym options: 0x614 - pdb path: .;C:\Program Files\Java\jdk-11.0.4\bin;C:\Windows\SYSTEM32;C:\Windows\WinSxS\amd64_microsoft.windows.common-controls_6595b64144ccf1df_6.0.18362.476_none_e6c4b11b130f2595;C:\Program Files\Java\jdk-11.0.4\bin\server

VM Arguments:
jvm_args: -Dcom.sun.management.jmxremote -Dcom.sun.management.jmxremote.port=51497 -Dcom.sun.management.jmxremote.authenticate=false -Dcom.sun.management.jmxremote.ssl=false -Djava.rmi.server.hostname=localhost -Dspring.jmx.enabled=true -Dspring.liveBeansView.mbeanDomain -Dspring.application.admin.enabled=true -Xverify:none -XX:TieredStopAtLevel=1 -Dfile.encoding=UTF-8 
java_command: com.rodrigofelipe.cursomc.CursomcApplication --spring.output.ansi.enabled=always
java_class_path (initial): C:\workshop-spring-boot-mongodb-master\java-cursomc\target\classes;C:\Users\rodri\.m2\repository\org\springframework\boot\spring-boot-starter-web\2.2.0.RELEASE\spring-boot-starter-web-2.2.0.RELEASE.jar;C:\Users\rodri\.m2\repository\org\springframework\boot\spring-boot-starter\2.2.0.RELEASE\spring-boot-starter-2.2.0.RELEASE.jar;C:\Users\rodri\.m2\repository\org\springframework\boot\spring-boot-starter-logging\2.2.0.RELEASE\spring-boot-starter-logging-2.2.0.RELEASE.jar;C:\Users\rodri\.m2\repository\ch\qos\logback\logback-classic\1.2.3\logback-classic-1.2.3.jar;C:\Users\rodri\.m2\repository\ch\qos\logback\logback-core\1.2.3\logback-core-1.2.3.jar;C:\Users\rodri\.m2\repository\org\apache\logging\log4j\log4j-to-slf4j\2.12.1\log4j-to-slf4j-2.12.1.jar;C:\Users\rodri\.m2\repository\org\apache\logging\log4j\log4j-api\2.12.1\log4j-api-2.12.1.jar;C:\Users\rodri\.m2\repository\org\slf4j\jul-to-slf4j\1.7.28\jul-to-slf4j-1.7.28.jar;C:\Users\rodri\.m2\repository\jakarta\annotation\jakarta.annotation-api\1.3.5\jakarta.annotation-api-1.3.5.jar;C:\Users\rodri\.m2\repository\org\yaml\snakeyaml\1.25\snakeyaml-1.25.jar;C:\Users\rodri\.m2\repository\org\springframework\boot\spring-boot-starter-json\2.2.0.RELEASE\spring-boot-starter-json-2.2.0.RELEASE.jar;C:\Users\rodri\.m2\repository\com\fasterxml\jackson\datatype\jackson-datatype-jdk8\2.10.0\jackson-datatype-jdk8-2.10.0.jar;C:\Users\rodri\.m2\repository\com\fasterxml\jackson\datatype\jackson-datatype-jsr310\2.10.0\jackson-datatype-jsr310-2.10.0.jar;C:\Users\rodri\.m2\repository\com\fasterxml\jackson\module\jackson-module-parameter-names\2.10.0\jackson-module-parameter-names-2.10.0.jar;C:\Users\rodri\.m2\repository\org\springframework\boot\spring-boot-starter-tomcat\2.2.0.RELEASE\spring-boot-starter-tomcat-2.2.0.RELEASE.jar;C:\Users\rodri\.m2\repository\org\apache\tomcat\embed\tomcat-embed-core\9.0.27\tomcat-embed-core-9.0.27.jar;C:\Users\rodri\.m2\repository\org\apache\tomcat\embed\tomcat-embed-el\9.0.27\tom
Launcher Type: SUN_STANDARD

[Global flags]
     bool BytecodeVerificationLocal                = false                                     {product} {command line}
     bool BytecodeVerificationRemote               = false                                     {product} {command line}
     intx CICompilerCount                          = 2                                         {product} {ergonomic}
   size_t InitialHeapSize                          = 50331648                                  {product} {ergonomic}
     bool ManagementServer                         = true                                      {product} {command line}
   size_t MaxHeapSize                              = 786432000                                 {product} {ergonomic}
   size_t MaxNewSize                               = 262144000                                 {product} {ergonomic}
   size_t MinHeapDeltaBytes                        = 196608                                    {product} {ergonomic}
   size_t NewSize                                  = 16777216                                  {product} {ergonomic}
    uintx NonNMethodCodeHeapSize                   = 6396312                                {pd product} {ergonomic}
    uintx NonProfiledCodeHeapSize                  = 245261928                              {pd product} {ergonomic}
   size_t OldSize                                  = 33554432                                  {product} {ergonomic}
    uintx ProfiledCodeHeapSize                     = 0                                      {pd product} {ergonomic}
    uintx ReservedCodeCacheSize                    = 251658240                              {pd product} {ergonomic}
     bool SegmentedCodeCache                       = true                                      {product} {ergonomic}
     intx TieredStopAtLevel                        = 1                                         {product} {command line}
     bool UseCompressedClassPointers               = true                                 {lp64_product} {ergonomic}
     bool UseCompressedOops                        = true                                 {lp64_product} {ergonomic}
     bool UseLargePagesIndividualAllocation        = false                                  {pd product} {ergonomic}
     bool UseSerialGC                              = true                                      {product} {ergonomic}

Logging:
Log output configuration:
 #0: stdout all=warning uptime,level,tags
 #1: stderr all=off uptime,level,tags

Environment Variables:
JAVA_HOME=C:\Program Files\Java\jdk-11.0.4
PATH=C:/Program Files/Java/jre1.8.0_231/bin/server;C:/Program Files/Java/jre1.8.0_231/bin;C:/Program Files/Java/jre1.8.0_231/lib/amd64;C:\Program Files (x86)\Common Files\Oracle\Java\javapath;C:\Windows\system32;C:\Windows;C:\Windows\System32\Wbem;C:\Windows\System32\WindowsPowerShell\v1.0\;C:\Windows\System32\OpenSSH\;C:\Program Files\Java\jdk-11.0.4\bin;C:\Program Files\MongoDB\Server\4.2\bin;C:\Program Files\Git\cmd;C:\Program Files\nodejs\;C:\xampp\mysql\bin;C:\Users\rodri\AppData\Local\Programs\Python\Python37-32\Scripts\;C:\Users\rodri\AppData\Local\Programs\Python\Python37-32\;C:\Users\rodri\AppData\Local\Microsoft\WindowsApps;C:\Program Files\JetBrains\PyCharm Community Edition 2019.2.3\bin;C:\Users\rodri\AppData\Local\Programs\Microsoft VS Code\bin;C:\Users\rodri\AppData\Roaming\npm;C:\Program Files\heroku\bin;C:\sts-bundle\sts-3.9.10.RELEASE;
USERNAME=rodri
OS=Windows_NT
PROCESSOR_IDENTIFIER=Intel64 Family 6 Model 61 Stepping 4, GenuineIntel



---------------  S Y S T E M  ---------------

OS: Windows 10 , 64 bit Build 18362 (10.0.18362.329)

CPU:total 1 (initial active 1) (1 cores per cpu, 1 threads per core) family 6 model 61 stepping 4, cmov, cx8, fxsr, mmx, sse, sse2, sse3, ssse3, sse4.1, sse4.2, popcnt, avx, avx2, aes, clmul, 3dnowpref, lzcnt, tsc, tscinvbit

Memory: 4k page, system-wide physical 2999M (449M free)
TotalPageFile size 5175M (AvailPageFile size 909M)
current process WorkingSet (physical memory assigned to process): 66M, peak: 66M
current process commit charge ("private bytes"): 94M, peak: 94M

vm_info: Java HotSpot(TM) 64-Bit Server VM (11.0.4+10-LTS) for windows-amd64 JRE (11.0.4+10-LTS), built on Jul  4 2019 16:28:13 by "mach5one" with MS VC++ 15.5 (VS2017)

END.
